<?xml version="1.0" encoding="UTF-8"?>
<!-- Generated by org.testng.reporters.JUnitXMLReporter -->
<testsuite hostname="AGRN50946072A" ignored="0" name="Default test" tests="8" failures="0" timestamp="10 Jun 2017 17:16:27 GMT" time="27.982" errors="0">
  <testcase name="validateColor" time="0.59" classname="test.UIValidationTestCases"/>
  <testcase name="validateFontFamily1" time="0.047" classname="test.UIValidationTestCases"/>
  <testcase name="validateFontSize" time="0.04" classname="test.UIValidationTestCases"/>
  <testcase name="validateLocation" time="0.037" classname="test.UIValidationTestCases"/>
  <testcase name="validatePaddingBottom" time="0.042" classname="test.UIValidationTestCases"/>
  <testcase name="validatePaddingLeft" time="0.039" classname="test.UIValidationTestCases"/>
  <testcase name="validatePaddingRight" time="0.062" classname="test.UIValidationTestCases"/>
  <testcase name="validatePaddingTop" time="0.041" classname="test.UIValidationTestCases"/>
</testsuite> <!-- Default test -->
