<?xml version="1.0" encoding="UTF-8"?>
<!-- Generated by org.testng.reporters.JUnitXMLReporter -->
<testsuite hostname="AGRN50946072A" ignored="6" name="Default test" tests="1" failures="0" timestamp="28 May 2017 15:13:31 GMT" time="28.298" errors="0">
  <testcase name="validatePaddingTop" time="0.734" classname="test.UIValidationTestCases"/>
  <testcase name="validatePaddingRight" time="0.0" classname="test.UIValidationTestCases">
    <ignored/>
  </testcase> <!-- validatePaddingRight -->
  <testcase name="validateFontFamily1" time="0.0" classname="test.UIValidationTestCases">
    <ignored/>
  </testcase> <!-- validateFontFamily1 -->
  <testcase name="validateColor" time="0.0" classname="test.UIValidationTestCases">
    <ignored/>
  </testcase> <!-- validateColor -->
  <testcase name="validatePaddingBottom" time="0.0" classname="test.UIValidationTestCases">
    <ignored/>
  </testcase> <!-- validatePaddingBottom -->
  <testcase name="validatePaddingLeft" time="0.0" classname="test.UIValidationTestCases">
    <ignored/>
  </testcase> <!-- validatePaddingLeft -->
  <testcase name="validateFontSize" time="0.0" classname="test.UIValidationTestCases">
    <ignored/>
  </testcase> <!-- validateFontSize -->
</testsuite> <!-- Default test -->
