<?xml version="1.0" encoding="UTF-8"?>
<!-- Generated by org.testng.reporters.JUnitXMLReporter -->
<testsuite hostname="AGRN50946072A" ignored="0" name="Test" tests="8" failures="0" timestamp="10 Jun 2017 16:38:11 GMT" time="27.193" errors="0">
  <testcase name="validateColor" time="0.596" classname="test.UIValidationTestCases"/>
  <testcase name="validateFontFamily1" time="0.042" classname="test.UIValidationTestCases"/>
  <testcase name="validateFontSize" time="0.038" classname="test.UIValidationTestCases"/>
  <testcase name="validateLocation" time="0.078" classname="test.UIValidationTestCases"/>
  <testcase name="validatePaddingBottom" time="0.065" classname="test.UIValidationTestCases"/>
  <testcase name="validatePaddingLeft" time="0.043" classname="test.UIValidationTestCases"/>
  <testcase name="validatePaddingRight" time="0.044" classname="test.UIValidationTestCases"/>
  <testcase name="validatePaddingTop" time="0.033" classname="test.UIValidationTestCases"/>
</testsuite> <!-- Test -->
