<?xml version="1.0" encoding="UTF-8"?>
<!-- Generated by org.testng.reporters.JUnitXMLReporter -->
<testsuite hostname="AGRN50946072A" ignored="0" name="Test" tests="7" failures="0" timestamp="28 May 2017 15:21:28 GMT" time="30.472" errors="0">
  <testcase name="validateColor" time="0.955" classname="test.UIValidationTestCases"/>
  <testcase name="validateFontFamily1" time="0.187" classname="test.UIValidationTestCases"/>
  <testcase name="validateFontSize" time="0.184" classname="test.UIValidationTestCases"/>
  <testcase name="validatePaddingBottom" time="0.175" classname="test.UIValidationTestCases"/>
  <testcase name="validatePaddingLeft" time="0.25" classname="test.UIValidationTestCases"/>
  <testcase name="validatePaddingRight" time="0.185" classname="test.UIValidationTestCases"/>
  <testcase name="validatePaddingTop" time="0.18" classname="test.UIValidationTestCases"/>
</testsuite> <!-- Test -->
