<?xml version="1.0" encoding="UTF-8"?>
<testng-results skipped="0" failed="0" ignored="0" total="8" passed="8">
  <reporter-output>
  </reporter-output>
  <suite name="Default suite" duration-ms="27982" started-at="2017-06-10T17:15:59Z" finished-at="2017-06-10T17:16:27Z">
    <groups>
    </groups>
    <test name="Default test" duration-ms="27982" started-at="2017-06-10T17:15:59Z" finished-at="2017-06-10T17:16:27Z">
      <class name="test.UIValidationTestCases">
        <test-method status="PASS" signature="setupReport()[pri:0, instance:test.UIValidationTestCases@553f17c]" name="setupReport" is-config="true" duration-ms="206" started-at="2017-06-10T22:45:59Z" finished-at="2017-06-10T22:45:59Z">
          <reporter-output>
          </reporter-output>
        </test-method> <!-- setupReport -->
        <test-method status="PASS" signature="beforeSuite()[pri:0, instance:test.UIValidationTestCases@553f17c]" name="beforeSuite" is-config="true" duration-ms="26964" started-at="2017-06-10T22:45:59Z" finished-at="2017-06-10T22:46:26Z">
          <reporter-output>
          </reporter-output>
        </test-method> <!-- beforeSuite -->
        <test-method status="PASS" signature="validateColor()[pri:0, instance:test.UIValidationTestCases@553f17c]" name="validateColor" duration-ms="590" started-at="2017-06-10T22:46:26Z" finished-at="2017-06-10T22:46:27Z">
          <reporter-output>
          </reporter-output>
        </test-method> <!-- validateColor -->
        <test-method status="PASS" signature="getResult(org.testng.ITestResult)[pri:0, instance:test.UIValidationTestCases@553f17c]" name="getResult" is-config="true" duration-ms="8" started-at="2017-06-10T22:46:27Z" finished-at="2017-06-10T22:46:27Z">
          <params>
            <param index="0">
              <value>
                <![CDATA[[TestResult name=validateColor status=SUCCESS method=UIValidationTestCases.validateColor()[pri:0, instance:test.UIValidationTestCases@553f17c] output={null}]]]>
              </value>
            </param>
          </params>
          <reporter-output>
          </reporter-output>
        </test-method> <!-- getResult -->
        <test-method status="PASS" signature="validateFontFamily1()[pri:0, instance:test.UIValidationTestCases@553f17c]" name="validateFontFamily1" duration-ms="47" started-at="2017-06-10T22:46:27Z" finished-at="2017-06-10T22:46:27Z">
          <reporter-output>
          </reporter-output>
        </test-method> <!-- validateFontFamily1 -->
        <test-method status="PASS" signature="getResult(org.testng.ITestResult)[pri:0, instance:test.UIValidationTestCases@553f17c]" name="getResult" is-config="true" duration-ms="1" started-at="2017-06-10T22:46:27Z" finished-at="2017-06-10T22:46:27Z">
          <params>
            <param index="0">
              <value>
                <![CDATA[[TestResult name=validateFontFamily1 status=SUCCESS method=UIValidationTestCases.validateFontFamily1()[pri:0, instance:test.UIValidationTestCases@553f17c] output={null}]]]>
              </value>
            </param>
          </params>
          <reporter-output>
          </reporter-output>
        </test-method> <!-- getResult -->
        <test-method status="PASS" signature="validateFontSize()[pri:0, instance:test.UIValidationTestCases@553f17c]" name="validateFontSize" duration-ms="40" started-at="2017-06-10T22:46:27Z" finished-at="2017-06-10T22:46:27Z">
          <reporter-output>
          </reporter-output>
        </test-method> <!-- validateFontSize -->
        <test-method status="PASS" signature="validateLocation()[pri:0, instance:test.UIValidationTestCases@553f17c]" name="validateLocation" duration-ms="37" started-at="2017-06-10T22:46:27Z" finished-at="2017-06-10T22:46:27Z">
          <reporter-output>
          </reporter-output>
        </test-method> <!-- validateLocation -->
        <test-method status="PASS" signature="getResult(org.testng.ITestResult)[pri:0, instance:test.UIValidationTestCases@553f17c]" name="getResult" is-config="true" duration-ms="0" started-at="2017-06-10T22:46:27Z" finished-at="2017-06-10T22:46:27Z">
          <params>
            <param index="0">
              <value>
                <![CDATA[[TestResult name=validateFontSize status=SUCCESS method=UIValidationTestCases.validateFontSize()[pri:0, instance:test.UIValidationTestCases@553f17c] output={null}]]]>
              </value>
            </param>
          </params>
          <reporter-output>
          </reporter-output>
        </test-method> <!-- getResult -->
        <test-method status="PASS" signature="getResult(org.testng.ITestResult)[pri:0, instance:test.UIValidationTestCases@553f17c]" name="getResult" is-config="true" duration-ms="0" started-at="2017-06-10T22:46:27Z" finished-at="2017-06-10T22:46:27Z">
          <params>
            <param index="0">
              <value>
                <![CDATA[[TestResult name=validateLocation status=SUCCESS method=UIValidationTestCases.validateLocation()[pri:0, instance:test.UIValidationTestCases@553f17c] output={null}]]]>
              </value>
            </param>
          </params>
          <reporter-output>
          </reporter-output>
        </test-method> <!-- getResult -->
        <test-method status="PASS" signature="validatePaddingBottom()[pri:0, instance:test.UIValidationTestCases@553f17c]" name="validatePaddingBottom" duration-ms="42" started-at="2017-06-10T22:46:27Z" finished-at="2017-06-10T22:46:27Z">
          <reporter-output>
          </reporter-output>
        </test-method> <!-- validatePaddingBottom -->
        <test-method status="PASS" signature="getResult(org.testng.ITestResult)[pri:0, instance:test.UIValidationTestCases@553f17c]" name="getResult" is-config="true" duration-ms="1" started-at="2017-06-10T22:46:27Z" finished-at="2017-06-10T22:46:27Z">
          <params>
            <param index="0">
              <value>
                <![CDATA[[TestResult name=validatePaddingBottom status=SUCCESS method=UIValidationTestCases.validatePaddingBottom()[pri:0, instance:test.UIValidationTestCases@553f17c] output={null}]]]>
              </value>
            </param>
          </params>
          <reporter-output>
          </reporter-output>
        </test-method> <!-- getResult -->
        <test-method status="PASS" signature="validatePaddingLeft()[pri:0, instance:test.UIValidationTestCases@553f17c]" name="validatePaddingLeft" duration-ms="39" started-at="2017-06-10T22:46:27Z" finished-at="2017-06-10T22:46:27Z">
          <reporter-output>
          </reporter-output>
        </test-method> <!-- validatePaddingLeft -->
        <test-method status="PASS" signature="getResult(org.testng.ITestResult)[pri:0, instance:test.UIValidationTestCases@553f17c]" name="getResult" is-config="true" duration-ms="0" started-at="2017-06-10T22:46:27Z" finished-at="2017-06-10T22:46:27Z">
          <params>
            <param index="0">
              <value>
                <![CDATA[[TestResult name=validatePaddingLeft status=SUCCESS method=UIValidationTestCases.validatePaddingLeft()[pri:0, instance:test.UIValidationTestCases@553f17c] output={null}]]]>
              </value>
            </param>
          </params>
          <reporter-output>
          </reporter-output>
        </test-method> <!-- getResult -->
        <test-method status="PASS" signature="validatePaddingRight()[pri:0, instance:test.UIValidationTestCases@553f17c]" name="validatePaddingRight" duration-ms="62" started-at="2017-06-10T22:46:27Z" finished-at="2017-06-10T22:46:27Z">
          <reporter-output>
          </reporter-output>
        </test-method> <!-- validatePaddingRight -->
        <test-method status="PASS" signature="getResult(org.testng.ITestResult)[pri:0, instance:test.UIValidationTestCases@553f17c]" name="getResult" is-config="true" duration-ms="0" started-at="2017-06-10T22:46:27Z" finished-at="2017-06-10T22:46:27Z">
          <params>
            <param index="0">
              <value>
                <![CDATA[[TestResult name=validatePaddingRight status=SUCCESS method=UIValidationTestCases.validatePaddingRight()[pri:0, instance:test.UIValidationTestCases@553f17c] output={null}]]]>
              </value>
            </param>
          </params>
          <reporter-output>
          </reporter-output>
        </test-method> <!-- getResult -->
        <test-method status="PASS" signature="validatePaddingTop()[pri:0, instance:test.UIValidationTestCases@553f17c]" name="validatePaddingTop" duration-ms="41" started-at="2017-06-10T22:46:27Z" finished-at="2017-06-10T22:46:27Z">
          <reporter-output>
          </reporter-output>
        </test-method> <!-- validatePaddingTop -->
        <test-method status="PASS" signature="getResult(org.testng.ITestResult)[pri:0, instance:test.UIValidationTestCases@553f17c]" name="getResult" is-config="true" duration-ms="1" started-at="2017-06-10T22:46:27Z" finished-at="2017-06-10T22:46:27Z">
          <params>
            <param index="0">
              <value>
                <![CDATA[[TestResult name=validatePaddingTop status=SUCCESS method=UIValidationTestCases.validatePaddingTop()[pri:0, instance:test.UIValidationTestCases@553f17c] output={null}]]]>
              </value>
            </param>
          </params>
          <reporter-output>
          </reporter-output>
        </test-method> <!-- getResult -->
        <test-method status="PASS" signature="afterSuite()[pri:0, instance:test.UIValidationTestCases@553f17c]" name="afterSuite" is-config="true" duration-ms="72" started-at="2017-06-10T22:46:27Z" finished-at="2017-06-10T22:46:27Z">
          <reporter-output>
          </reporter-output>
        </test-method> <!-- afterSuite -->
        <test-method status="PASS" signature="cleanUp()[pri:0, instance:test.UIValidationTestCases@553f17c]" name="cleanUp" is-config="true" duration-ms="306" started-at="2017-06-10T22:46:27Z" finished-at="2017-06-10T22:46:27Z">
          <reporter-output>
          </reporter-output>
        </test-method> <!-- cleanUp -->
      </class> <!-- test.UIValidationTestCases -->
    </test> <!-- Default test -->
  </suite> <!-- Default suite -->
</testng-results>
