<?xml version="1.0" encoding="UTF-8"?>
<testng-results skipped="0" failed="0" ignored="0" total="7" passed="7">
  <reporter-output>
  </reporter-output>
  <suite name="Suite" duration-ms="30472" started-at="2017-05-28T15:20:58Z" finished-at="2017-05-28T15:21:28Z">
    <groups>
    </groups>
    <test name="Test" duration-ms="30472" started-at="2017-05-28T15:20:58Z" finished-at="2017-05-28T15:21:28Z">
      <class name="test.UIValidationTestCases">
        <test-method status="PASS" signature="setupReport()[pri:0, instance:test.UIValidationTestCases@5f341870]" name="setupReport" is-config="true" duration-ms="268" started-at="2017-05-28T20:50:57Z" finished-at="2017-05-28T20:50:58Z">
          <reporter-output>
          </reporter-output>
        </test-method> <!-- setupReport -->
        <test-method status="PASS" signature="beforeSuite()[pri:0, instance:test.UIValidationTestCases@5f341870]" name="beforeSuite" is-config="true" duration-ms="26238" started-at="2017-05-28T20:50:58Z" finished-at="2017-05-28T20:51:24Z">
          <reporter-output>
          </reporter-output>
        </test-method> <!-- beforeSuite -->
        <test-method status="PASS" signature="validateColor()[pri:0, instance:test.UIValidationTestCases@5f341870]" name="validateColor" duration-ms="955" started-at="2017-05-28T20:51:24Z" finished-at="2017-05-28T20:51:25Z">
          <reporter-output>
          </reporter-output>
        </test-method> <!-- validateColor -->
        <test-method status="PASS" signature="getResult(org.testng.ITestResult)[pri:0, instance:test.UIValidationTestCases@5f341870]" name="getResult" is-config="true" duration-ms="10" started-at="2017-05-28T20:51:25Z" finished-at="2017-05-28T20:51:25Z">
          <params>
            <param index="0">
              <value>
                <![CDATA[[TestResult name=validateColor status=SUCCESS method=UIValidationTestCases.validateColor()[pri:0, instance:test.UIValidationTestCases@5f341870] output={null}]]]>
              </value>
            </param>
          </params>
          <reporter-output>
          </reporter-output>
        </test-method> <!-- getResult -->
        <test-method status="PASS" signature="validateFontFamily1()[pri:0, instance:test.UIValidationTestCases@5f341870]" name="validateFontFamily1" duration-ms="187" started-at="2017-05-28T20:51:25Z" finished-at="2017-05-28T20:51:25Z">
          <reporter-output>
          </reporter-output>
        </test-method> <!-- validateFontFamily1 -->
        <test-method status="PASS" signature="getResult(org.testng.ITestResult)[pri:0, instance:test.UIValidationTestCases@5f341870]" name="getResult" is-config="true" duration-ms="1" started-at="2017-05-28T20:51:25Z" finished-at="2017-05-28T20:51:25Z">
          <params>
            <param index="0">
              <value>
                <![CDATA[[TestResult name=validateFontFamily1 status=SUCCESS method=UIValidationTestCases.validateFontFamily1()[pri:0, instance:test.UIValidationTestCases@5f341870] output={null}]]]>
              </value>
            </param>
          </params>
          <reporter-output>
          </reporter-output>
        </test-method> <!-- getResult -->
        <test-method status="PASS" signature="validateFontSize()[pri:0, instance:test.UIValidationTestCases@5f341870]" name="validateFontSize" duration-ms="184" started-at="2017-05-28T20:51:25Z" finished-at="2017-05-28T20:51:25Z">
          <reporter-output>
          </reporter-output>
        </test-method> <!-- validateFontSize -->
        <test-method status="PASS" signature="getResult(org.testng.ITestResult)[pri:0, instance:test.UIValidationTestCases@5f341870]" name="getResult" is-config="true" duration-ms="1" started-at="2017-05-28T20:51:25Z" finished-at="2017-05-28T20:51:25Z">
          <params>
            <param index="0">
              <value>
                <![CDATA[[TestResult name=validateFontSize status=SUCCESS method=UIValidationTestCases.validateFontSize()[pri:0, instance:test.UIValidationTestCases@5f341870] output={null}]]]>
              </value>
            </param>
          </params>
          <reporter-output>
          </reporter-output>
        </test-method> <!-- getResult -->
        <test-method status="PASS" signature="validatePaddingBottom()[pri:0, instance:test.UIValidationTestCases@5f341870]" name="validatePaddingBottom" duration-ms="175" started-at="2017-05-28T20:51:25Z" finished-at="2017-05-28T20:51:25Z">
          <reporter-output>
          </reporter-output>
        </test-method> <!-- validatePaddingBottom -->
        <test-method status="PASS" signature="getResult(org.testng.ITestResult)[pri:0, instance:test.UIValidationTestCases@5f341870]" name="getResult" is-config="true" duration-ms="1" started-at="2017-05-28T20:51:25Z" finished-at="2017-05-28T20:51:25Z">
          <params>
            <param index="0">
              <value>
                <![CDATA[[TestResult name=validatePaddingBottom status=SUCCESS method=UIValidationTestCases.validatePaddingBottom()[pri:0, instance:test.UIValidationTestCases@5f341870] output={null}]]]>
              </value>
            </param>
          </params>
          <reporter-output>
          </reporter-output>
        </test-method> <!-- getResult -->
        <test-method status="PASS" signature="validatePaddingLeft()[pri:0, instance:test.UIValidationTestCases@5f341870]" name="validatePaddingLeft" duration-ms="250" started-at="2017-05-28T20:51:25Z" finished-at="2017-05-28T20:51:26Z">
          <reporter-output>
          </reporter-output>
        </test-method> <!-- validatePaddingLeft -->
        <test-method status="PASS" signature="getResult(org.testng.ITestResult)[pri:0, instance:test.UIValidationTestCases@5f341870]" name="getResult" is-config="true" duration-ms="0" started-at="2017-05-28T20:51:26Z" finished-at="2017-05-28T20:51:26Z">
          <params>
            <param index="0">
              <value>
                <![CDATA[[TestResult name=validatePaddingLeft status=SUCCESS method=UIValidationTestCases.validatePaddingLeft()[pri:0, instance:test.UIValidationTestCases@5f341870] output={null}]]]>
              </value>
            </param>
          </params>
          <reporter-output>
          </reporter-output>
        </test-method> <!-- getResult -->
        <test-method status="PASS" signature="validatePaddingRight()[pri:0, instance:test.UIValidationTestCases@5f341870]" name="validatePaddingRight" duration-ms="185" started-at="2017-05-28T20:51:26Z" finished-at="2017-05-28T20:51:26Z">
          <reporter-output>
          </reporter-output>
        </test-method> <!-- validatePaddingRight -->
        <test-method status="PASS" signature="getResult(org.testng.ITestResult)[pri:0, instance:test.UIValidationTestCases@5f341870]" name="getResult" is-config="true" duration-ms="1" started-at="2017-05-28T20:51:26Z" finished-at="2017-05-28T20:51:26Z">
          <params>
            <param index="0">
              <value>
                <![CDATA[[TestResult name=validatePaddingRight status=SUCCESS method=UIValidationTestCases.validatePaddingRight()[pri:0, instance:test.UIValidationTestCases@5f341870] output={null}]]]>
              </value>
            </param>
          </params>
          <reporter-output>
          </reporter-output>
        </test-method> <!-- getResult -->
        <test-method status="PASS" signature="validatePaddingTop()[pri:0, instance:test.UIValidationTestCases@5f341870]" name="validatePaddingTop" duration-ms="180" started-at="2017-05-28T20:51:26Z" finished-at="2017-05-28T20:51:26Z">
          <reporter-output>
          </reporter-output>
        </test-method> <!-- validatePaddingTop -->
        <test-method status="PASS" signature="getResult(org.testng.ITestResult)[pri:0, instance:test.UIValidationTestCases@5f341870]" name="getResult" is-config="true" duration-ms="0" started-at="2017-05-28T20:51:26Z" finished-at="2017-05-28T20:51:26Z">
          <params>
            <param index="0">
              <value>
                <![CDATA[[TestResult name=validatePaddingTop status=SUCCESS method=UIValidationTestCases.validatePaddingTop()[pri:0, instance:test.UIValidationTestCases@5f341870] output={null}]]]>
              </value>
            </param>
          </params>
          <reporter-output>
          </reporter-output>
        </test-method> <!-- getResult -->
        <test-method status="PASS" signature="afterSuite()[pri:0, instance:test.UIValidationTestCases@5f341870]" name="afterSuite" is-config="true" duration-ms="2073" started-at="2017-05-28T20:51:26Z" finished-at="2017-05-28T20:51:28Z">
          <reporter-output>
          </reporter-output>
        </test-method> <!-- afterSuite -->
        <test-method status="PASS" signature="cleanUp()[pri:0, instance:test.UIValidationTestCases@5f341870]" name="cleanUp" is-config="true" duration-ms="476" started-at="2017-05-28T20:51:28Z" finished-at="2017-05-28T20:51:29Z">
          <reporter-output>
          </reporter-output>
        </test-method> <!-- cleanUp -->
      </class> <!-- test.UIValidationTestCases -->
    </test> <!-- Test -->
  </suite> <!-- Suite -->
</testng-results>
